<?xml version="1.0" encoding="UTF-8"?>
<testng-results ignored="0" total="1" passed="1" failed="0" skipped="0">
  <reporter-output>
  </reporter-output>
  <suite started-at="2025-10-08T14:00:04 BST" name="Default suite" finished-at="2025-10-08T14:00:14 BST" duration-ms="10156">
    <groups>
    </groups>
    <test started-at="2025-10-08T14:00:04 BST" name="Default test" finished-at="2025-10-08T14:00:14 BST" duration-ms="10156">
      <class name="Tests.ProductSelectTest">
        <test-method is-config="true" signature="setupReport()[pri:0, instance:Tests.ProductSelectTest@3fc2959f]" started-at="2025-10-08T14:00:04 BST" name="setupReport" finished-at="2025-10-08T14:00:04 BST" duration-ms="331" status="PASS">
          <reporter-output>
          </reporter-output>
        </test-method> <!-- setupReport -->
        <test-method is-config="true" signature="setup(java.lang.reflect.Method)[pri:0, instance:Tests.ProductSelectTest@3fc2959f]" started-at="2025-10-08T14:00:04 BST" name="setup" finished-at="2025-10-08T14:00:12 BST" duration-ms="8077" status="PASS">
          <params>
            <param index="0">
              <value>
                <![CDATA[public void Tests.ProductSelectTest.addProductToCart()]]>
              </value>
            </param>
          </params>
          <reporter-output>
          </reporter-output>
        </test-method> <!-- setup -->
        <test-method signature="addProductToCart()[pri:0, instance:Tests.ProductSelectTest@3fc2959f]" started-at="2025-10-08T14:00:12 BST" name="addProductToCart" finished-at="2025-10-08T14:00:13 BST" duration-ms="610" status="PASS">
          <reporter-output>
          </reporter-output>
        </test-method> <!-- addProductToCart -->
        <test-method is-config="true" signature="tearDown(org.testng.ITestResult)[pri:0, instance:Tests.ProductSelectTest@3fc2959f]" started-at="2025-10-08T14:00:13 BST" name="tearDown" finished-at="2025-10-08T14:00:14 BST" duration-ms="1432" status="PASS">
          <params>
            <param index="0">
              <value>
                <![CDATA[[TestResult name=addProductToCart status=SUCCESS method=ProductSelectTest.addProductToCart()[pri:0, instance:Tests.ProductSelectTest@3fc2959f] output={null}]]]>
              </value>
            </param>
          </params>
          <reporter-output>
          </reporter-output>
        </test-method> <!-- tearDown -->
        <test-method is-config="true" signature="closeReport()[pri:0, instance:Tests.ProductSelectTest@3fc2959f]" started-at="2025-10-08T14:00:14 BST" name="closeReport" finished-at="2025-10-08T14:00:16 BST" duration-ms="1475" status="PASS">
          <reporter-output>
          </reporter-output>
        </test-method> <!-- closeReport -->
      </class> <!-- Tests.ProductSelectTest -->
    </test> <!-- Default test -->
  </suite> <!-- Default suite -->
</testng-results>
